[2023-04-20 13:38:31 INFO]: install::setup-logging ended
================
[2023-04-20 13:38:31 INFO]: install::start-up started
[2023-04-20 13:38:31 INFO]: install::start-up starting services
[2023-04-20 13:41:07 INFO]: install::root-check started
[2023-04-20 13:41:07 INFO]: install::root-check ended
================
[2023-04-20 13:41:07 INFO]: install::docker-check started
[2023-04-20 13:41:07 INFO]: install::docker-check ended
================
[2023-04-20 13:41:07 INFO]: install::docker-compose-check started
[2023-04-20 13:41:07 INFO]: install::docker-compose-check ended
================
[2023-04-20 13:41:07 INFO]: install::tear-down started
[2023-04-20 13:41:07 INFO]: install::compress started
[2023-04-20 13:41:07 INFO]: install::compress changing directory to db
[2023-04-20 13:41:07 INFO]: install::compress compressing db/data_dump 
[2023-04-20 13:41:07 INFO]: install::compress removing data_dump 
[2023-04-20 13:41:07 INFO]: install::compress changing directory back
[2023-04-20 13:41:07 INFO]: install::compress ended
================
[2023-04-20 13:41:07 INFO]: install::compress starting services
[2023-04-20 13:41:07 INFO]: install::compress ended
================
